installerlibrary/build/intermediates/manifest_merge_blame_file/release/manifest-merger-blame-release-report.txt
1<?xml version="1.0" encoding="utf-8"?>
2<manifest xmlns:android="http://schemas.android.com/apk/res/android"
3    package="top.wuhaojie.installerlibrary"
4    android:versionCode="1"
5    android:versionName="1.0" >
6
7    <uses-sdk
8        android:minSdkVersion="23"
8-->src\main\AndroidManifest.xml
9        android:targetSdkVersion="27" />
9-->src\main\AndroidManifest.xml
10
11    <!-- 辅助功能权限 -->
12    <uses-permission android:name="android.permission.BIND_ACCESSIBILITY_SERVICE" />
12-->src\main\AndroidManifest.xml:5:5-85
12-->src\main\AndroidManifest.xml:5:22-82
13    <uses-permission android:name="android.permission.INTERNET" />
13-->src\main\AndroidManifest.xml:7:5-67
13-->src\main\AndroidManifest.xml:7:22-64
14    <uses-permission android:name="android.permission.WRITE_EXTERNAL_STORAGE" />
14-->src\main\AndroidManifest.xml:9:5-81
14-->src\main\AndroidManifest.xml:9:22-78
15    <uses-permission android:name="android.permission.READ_EXTERNAL_STORAGE" />
15-->src\main\AndroidManifest.xml:11:5-80
15-->src\main\AndroidManifest.xml:11:22-77
16    <uses-permission android:name="android.permission.MOUNT_UNMOUNT_FILESYSTEMS" />
16-->src\main\AndroidManifest.xml:13:5-84
16-->src\main\AndroidManifest.xml:13:22-81
17    <uses-permission android:name="android.permission.REQUEST_INSTALL_PACKAGES" />
17-->src\main\AndroidManifest.xml:15:5-83
17-->src\main\AndroidManifest.xml:15:22-80
18    <uses-permission android:name="android.permission.REQUEST_INSTALL_PACKAGES" />
18-->src\main\AndroidManifest.xml:15:5-83
18-->src\main\AndroidManifest.xml:15:22-80
19
20    <application
20-->src\main\AndroidManifest.xml:19:5-47:19
21        android:allowBackup="true"
21-->src\main\AndroidManifest.xml:20:9-35
22        android:label="@string/app_name"
22-->src\main\AndroidManifest.xml:21:9-41
23        android:supportsRtl="true" >
23-->src\main\AndroidManifest.xml:22:9-35
24        <service
24-->src\main\AndroidManifest.xml:24:9-35:19
25            android:name="top.wuhaojie.installerlibrary.InstallAccessibilityService"
25-->src\main\AndroidManifest.xml:25:13-56
26            android:enabled="true"
26-->src\main\AndroidManifest.xml:26:13-35
27            android:exported="true"
27-->src\main\AndroidManifest.xml:27:13-36
28            android:permission="android.permission.BIND_ACCESSIBILITY_SERVICE" >
28-->src\main\AndroidManifest.xml:28:13-79
29            <intent-filter>
29-->src\main\AndroidManifest.xml:29:13-31:29
30                <action android:name="android.accessibilityservice.AccessibilityService" />
30-->src\main\AndroidManifest.xml:30:17-92
30-->src\main\AndroidManifest.xml:30:25-89
31            </intent-filter>
32
33            <meta-data
33-->src\main\AndroidManifest.xml:32:13-34:72
34                android:name="android.accessibilityservice"
34-->src\main\AndroidManifest.xml:33:17-60
35                android:resource="@xml/accessibility_service_config" />
35-->src\main\AndroidManifest.xml:34:17-69
36        </service>
37        <!-- 文件访问 -->
38        <provider
38-->src\main\AndroidManifest.xml:37:9-45:20
39            android:name="androidx.core.content.FileProvider"
39-->src\main\AndroidManifest.xml:38:13-62
40            android:authorities="top.wuhaojie.installerlibrary.fileProvider"
40-->src\main\AndroidManifest.xml:39:13-77
41            android:exported="false"
41-->src\main\AndroidManifest.xml:40:13-37
42            android:grantUriPermissions="true" >
42-->src\main\AndroidManifest.xml:41:13-47
43            <meta-data
43-->src\main\AndroidManifest.xml:42:13-44:54
44                android:name="android.support.FILE_PROVIDER_PATHS"
44-->src\main\AndroidManifest.xml:43:17-67
45                android:resource="@xml/file_paths" />
45-->src\main\AndroidManifest.xml:44:17-51
46        </provider>
47    </application>
48
49</manifest>